<?xml version="1.0" encoding="UTF-8"?>
<testng-results ignored="0" total="5" passed="5" failed="0" skipped="0">
  <reporter-output>
  </reporter-output>
  <suite started-at="2024-07-22T00:15:27 CDT" name="Suite" finished-at="2024-07-22T00:16:03 CDT" duration-ms="36769">
    <groups>
      <group name="cucumber">
        <method signature="AbstractTestNGCucumberTests.runScenario(io.cucumber.testng.PickleWrapper,io.cucumber.testng.FeatureWrapper)[pri:0, instance:com.maven.salesforce.runner.TestNGTestRunner@314b8f2d]" name="runScenario" class="io.cucumber.testng.AbstractTestNGCucumberTests"/>
      </group> <!-- cucumber -->
    </groups>
    <test started-at="2024-07-22T00:15:27 CDT" name="Salesforce Tests" finished-at="2024-07-22T00:16:03 CDT" duration-ms="36769">
      <class name="com.maven.salesforce.runner.TestNGTestRunner">
        <test-method is-config="true" signature="setUpClass(org.testng.ITestContext)[pri:0, instance:com.maven.salesforce.runner.TestNGTestRunner@314b8f2d]" started-at="2024-07-22T00:15:27 CDT" name="setUpClass" finished-at="2024-07-22T00:15:28 CDT" duration-ms="880" status="PASS">
          <params>
            <param index="0">
              <value>
                <![CDATA[org.testng.TestRunner@175581eb]]>
              </value>
            </param>
          </params>
          <reporter-output>
          </reporter-output>
        </test-method> <!-- setUpClass -->
        <test-method signature="runScenario(io.cucumber.testng.PickleWrapper,io.cucumber.testng.FeatureWrapper)[pri:0, instance:com.maven.salesforce.runner.TestNGTestRunner@314b8f2d]" started-at="2024-07-22T00:15:28 CDT" name="runScenario" description="Runs Cucumber Scenarios" data-provider="scenarios" finished-at="2024-07-22T00:15:37 CDT" duration-ms="9146" status="PASS">
          <params>
            <param index="0">
              <value>
                <![CDATA["Verify Salesforce application page is displayed and Login Error Message"]]>
              </value>
            </param>
            <param index="1">
              <value>
                <![CDATA["Salesforce Login Scenarios"]]>
              </value>
            </param>
          </params>
          <reporter-output>
          </reporter-output>
        </test-method> <!-- runScenario -->
        <test-method signature="runScenario(io.cucumber.testng.PickleWrapper,io.cucumber.testng.FeatureWrapper)[pri:0, instance:com.maven.salesforce.runner.TestNGTestRunner@314b8f2d]" started-at="2024-07-22T00:15:37 CDT" name="runScenario" description="Runs Cucumber Scenarios" data-provider="scenarios" finished-at="2024-07-22T00:15:44 CDT" duration-ms="7243" status="PASS">
          <params>
            <param index="0">
              <value>
                <![CDATA["Successful login"]]>
              </value>
            </param>
            <param index="1">
              <value>
                <![CDATA["Salesforce Login Scenarios"]]>
              </value>
            </param>
          </params>
          <reporter-output>
          </reporter-output>
        </test-method> <!-- runScenario -->
        <test-method signature="runScenario(io.cucumber.testng.PickleWrapper,io.cucumber.testng.FeatureWrapper)[pri:0, instance:com.maven.salesforce.runner.TestNGTestRunner@314b8f2d]" started-at="2024-07-22T00:15:44 CDT" name="runScenario" description="Runs Cucumber Scenarios" data-provider="scenarios" finished-at="2024-07-22T00:15:54 CDT" duration-ms="9848" status="PASS">
          <params>
            <param index="0">
              <value>
                <![CDATA["Remember username after logout"]]>
              </value>
            </param>
            <param index="1">
              <value>
                <![CDATA["Salesforce Login Scenarios"]]>
              </value>
            </param>
          </params>
          <reporter-output>
          </reporter-output>
        </test-method> <!-- runScenario -->
        <test-method signature="runScenario(io.cucumber.testng.PickleWrapper,io.cucumber.testng.FeatureWrapper)[pri:0, instance:com.maven.salesforce.runner.TestNGTestRunner@314b8f2d]" started-at="2024-07-22T00:15:54 CDT" name="runScenario" description="Runs Cucumber Scenarios" data-provider="scenarios" finished-at="2024-07-22T00:15:58 CDT" duration-ms="4103" status="PASS">
          <params>
            <param index="0">
              <value>
                <![CDATA["Forgot password"]]>
              </value>
            </param>
            <param index="1">
              <value>
                <![CDATA["Salesforce Login Scenarios"]]>
              </value>
            </param>
          </params>
          <reporter-output>
          </reporter-output>
        </test-method> <!-- runScenario -->
        <test-method signature="runScenario(io.cucumber.testng.PickleWrapper,io.cucumber.testng.FeatureWrapper)[pri:0, instance:com.maven.salesforce.runner.TestNGTestRunner@314b8f2d]" started-at="2024-07-22T00:15:58 CDT" name="runScenario" description="Runs Cucumber Scenarios" data-provider="scenarios" finished-at="2024-07-22T00:16:03 CDT" duration-ms="5360" status="PASS">
          <params>
            <param index="0">
              <value>
                <![CDATA["Invalid login"]]>
              </value>
            </param>
            <param index="1">
              <value>
                <![CDATA["Salesforce Login Scenarios"]]>
              </value>
            </param>
          </params>
          <reporter-output>
          </reporter-output>
        </test-method> <!-- runScenario -->
        <test-method is-config="true" signature="tearDownClass()[pri:0, instance:com.maven.salesforce.runner.TestNGTestRunner@314b8f2d]" started-at="2024-07-22T00:16:03 CDT" name="tearDownClass" finished-at="2024-07-22T00:16:03 CDT" duration-ms="51" status="PASS">
          <reporter-output>
          </reporter-output>
        </test-method> <!-- tearDownClass -->
      </class> <!-- com.maven.salesforce.runner.TestNGTestRunner -->
    </test> <!-- Salesforce Tests -->
  </suite> <!-- Suite -->
</testng-results>
